<?xml version="1.0" encoding="UTF-8"?>
<!-- Generated by org.testng.reporters.JUnitXMLReporter -->
<testsuite hostname="nlccu100" ignored="0" name="SmokeScenario" tests="3" failures="0" timestamp="23 Dec 2017 11:57:18 GMT" time="217.602" errors="0">
  <testcase name="ApplicationLogin" time="43.357" classname="testcases.VerifyLogin"/>
  <testcase name="ApplicationLogin" time="57.224" classname="testcases.CreateCompleteBL"/>
  <testcase name="ApplicationLogin" time="39.787" classname="testcases.CreateDraftBL"/>
</testsuite> <!-- SmokeScenario -->
